==============================================================================
TestCases                                                                     
==============================================================================
TestCases.Assetnavigationtests                                                
==============================================================================
TestCases.Assetnavigationtests.Publicationnavigation                          
==============================================================================
Publicationnavigationtest                                             | FAIL |
Execution terminated by signal
------------------------------------------------------------------------------
TestCases.Assetnavigationtests.Publicationnavigation                  | FAIL |
1 test, 0 passed, 1 failed
==============================================================================
TestCases.Assetnavigationtests                                        | FAIL |
1 test, 0 passed, 1 failed
==============================================================================
TestCases                                                             | FAIL |
1 test, 0 passed, 1 failed
==============================================================================
Output:  /Users/hsreekum/PycharmProjects/DAMrobotAutomationframeworkone/pabot_results/2/output.xml
